[debug] [2020-10-11T08:49:08.936Z] ----------------------------------------------------------------------
[debug] [2020-10-11T08:49:08.944Z] Command:       C:\Program Files\nodejs\node.exe C:\Users\hariprasad\AppData\Roaming\npm\node_modules\firebase-tools\lib\bin\firebase.js init
[debug] [2020-10-11T08:49:08.945Z] CLI Version:   8.12.1
[debug] [2020-10-11T08:49:08.946Z] Platform:      win32
[debug] [2020-10-11T08:49:08.946Z] Node Version:  v12.16.3
[debug] [2020-10-11T08:49:08.998Z] Time:          Sun Oct 11 2020 14:19:08 GMT+0530 (India Standard Time)
[debug] [2020-10-11T08:49:08.999Z] ----------------------------------------------------------------------
[debug] [2020-10-11T08:49:08.999Z] 
[debug] [2020-10-11T08:49:09.067Z] > command requires scopes: ["email","openid","https://www.googleapis.com/auth/cloudplatformprojects.readonly","https://www.googleapis.com/auth/firebase","https://www.googleapis.com/auth/cloud-platform"]
[debug] [2020-10-11T08:49:09.069Z] > authorizing via signed-in user
[info] 
     ######## #### ########  ######## ########     ###     ######  ########
     ##        ##  ##     ## ##       ##     ##  ##   ##  ##       ##
     ######    ##  ########  ######   ########  #########  ######  ######
     ##        ##  ##    ##  ##       ##     ## ##     ##       ## ##
     ##       #### ##     ## ######## ########  ##     ##  ######  ########

You're about to initialize a Firebase project in this directory:

  C:\projects\newsreader

Before we get started, keep in mind:

  * You are currently outside your home directory

